<?xml version="1.0" encoding="UTF-8"?>
<!-- Generated by org.testng.reporters.JUnitReportReporter -->
<testsuite skipped="0" hostname="manjit-Vostro-1015" name="Selenium.PageObject.PageTest" tests="3" failures="0" timestamp="22 Feb 2019 06:46:34 GMT" time="141.551" errors="0">
  <testcase name="loginTest" time="55.725" classname="Selenium.PageObject.PageTest"/>
  <testcase name="loginTest" time="33.156" classname="Selenium.PageObject.PageTest"/>
  <testcase name="loginTest" time="52.670" classname="Selenium.PageObject.PageTest"/>
</testsuite> <!-- Selenium.PageObject.PageTest -->
