<?xml version="1.0" encoding="UTF-8"?>
<!-- Generated by org.testng.reporters.JUnitReportReporter -->
<testsuite skipped="0" hostname="manjit-Vostro-1015" name="TestPage.LoginTestpage" tests="3" failures="0" timestamp="22 Feb 2019 09:34:58 GMT" time="53.661" errors="0">
  <testcase name="verifyLogin_Paage" time="16.692" classname="TestPage.LoginTestpage"/>
  <testcase name="verifyLogin_Paage" time="14.390" classname="TestPage.LoginTestpage"/>
  <testcase name="verifyLogin_Paage" time="22.579" classname="TestPage.LoginTestpage"/>
</testsuite> <!-- TestPage.LoginTestpage -->
