<?xml version="1.0" encoding="UTF-8"?>
<!-- Generated by org.testng.reporters.JUnitReportReporter -->
<testsuite skipped="1" hostname="manjit-Vostro-1015" name="Pagetest.PageTest" tests="1" failures="0" timestamp="22 Feb 2019 08:12:11 GMT" time="0.000" errors="0">
  <testcase name="test" time="0.000" classname="Pagetest.PageTest">
    <skipped/>
  </testcase> <!-- test -->
</testsuite> <!-- Pagetest.PageTest -->
